# JRE version: OpenJDK Runtime Environment (21.0.2+13) (build 21.0.2+13-58)
# Java VM: OpenJDK 64-Bit Server VM (21.0.2+13-58, mixed mode, emulated-client, sharing, tiered, compressed oops, compressed class ptrs, g1 gc, windows-amd64)
GC Precious Log:
 CardTable entry size: 512
 Card Set container configuration: InlinePtr #cards 4 size 8 Array Of Cards #cards 16 size 48 Howl #buckets 8 coarsen threshold 3686 Howl Bitmap #cards 512 size 80 coarsen threshold 460 Card regions per heap region 1 cards per card region 4096
 CPUs: 8 total, 8 available
 Memory: 16064M
 Large Page Support: Disabled
 NUMA Support: Disabled
 Compressed Oops: Enabled (Zero based)
 Heap Region Size: 2M
 Heap Min Capacity: 8M
 Heap Initial Capacity: 252M
 Heap Max Capacity: 4018M
 Pre-touch: Disabled
 Parallel Workers: 8
 Concurrent Workers: 2
 Concurrent Refinement Workers: 8
 Periodic GC: Disabled
Heap:
 garbage-first heap   total 131072K, used 47819K [0x0000000704e00000, 0x0000000800000000)
  region size 2048K, 9 young (18432K), 3 survivors (6144K)
 Metaspace       used 79166K, committed 79936K, reserved 1179648K
  class space    used 10682K, committed 11008K, reserved 1048576K
GC Heap History (20 events):
Event: 3.241 GC heap before
{Heap before GC invocations=14 (full 0):
 garbage-first heap   total 92160K, used 74256K [0x0000000704e00000, 0x0000000800000000)
  region size 2048K, 27 young (55296K), 2 survivors (4096K)
 Metaspace       used 42353K, committed 43008K, reserved 1114112K
  class space    used 5738K, committed 6016K, reserved 1048576K
}
Event: 3.244 GC heap after
{Heap after GC invocations=15 (full 0):
 garbage-first heap   total 92160K, used 24022K [0x0000000704e00000, 0x0000000800000000)
  region size 2048K, 2 young (4096K), 2 survivors (4096K)
 Metaspace       used 42353K, committed 43008K, reserved 1114112K
  class space    used 5738K, committed 6016K, reserved 1048576K
}
Event: 3.427 GC heap before
{Heap before GC invocations=15 (full 0):
 garbage-first heap   total 92160K, used 56790K [0x0000000704e00000, 0x0000000800000000)
  region size 2048K, 19 young (38912K), 2 survivors (4096K)
 Metaspace       used 45310K, committed 45888K, reserved 1114112K
  class space    used 6168K, committed 6464K, reserved 1048576K
}
Event: 3.431 GC heap after
{Heap after GC invocations=16 (full 0):
 garbage-first heap   total 92160K, used 24920K [0x0000000704e00000, 0x0000000800000000)
  region size 2048K, 3 young (6144K), 3 survivors (6144K)
 Metaspace       used 45310K, committed 45888K, reserved 1114112K
  class space    used 6168K, committed 6464K, reserved 1048576K
}
Event: 3.669 GC heap before
{Heap before GC invocations=17 (full 0):
 garbage-first heap   total 92160K, used 72024K [0x0000000704e00000, 0x0000000800000000)
  region size 2048K, 27 young (55296K), 3 survivors (6144K)
 Metaspace       used 50183K, committed 50816K, reserved 1114112K
  class space    used 6914K, committed 7232K, reserved 1048576K
}
Event: 3.673 GC heap after
{Heap after GC invocations=18 (full 0):
 garbage-first heap   total 92160K, used 26706K [0x0000000704e00000, 0x0000000800000000)
  region size 2048K, 3 young (6144K), 3 survivors (6144K)
 Metaspace       used 50183K, committed 50816K, reserved 1114112K
  class space    used 6914K, committed 7232K, reserved 1048576K
}
Event: 3.948 GC heap before
{Heap before GC invocations=18 (full 0):
 garbage-first heap   total 92160K, used 75858K [0x0000000704e00000, 0x0000000800000000)
  region size 2048K, 27 young (55296K), 3 survivors (6144K)
 Metaspace       used 54330K, committed 54976K, reserved 1114112K
  class space    used 7575K, committed 7872K, reserved 1048576K
}
Event: 3.952 GC heap after
{Heap after GC invocations=19 (full 0):
 garbage-first heap   total 110592K, used 27212K [0x0000000704e00000, 0x0000000800000000)
  region size 2048K, 3 young (6144K), 3 survivors (6144K)
 Metaspace       used 54330K, committed 54976K, reserved 1114112K
  class space    used 7575K, committed 7872K, reserved 1048576K
}
Event: 4.269 GC heap before
{Heap before GC invocations=19 (full 0):
 garbage-first heap   total 110592K, used 84556K [0x0000000704e00000, 0x0000000800000000)
  region size 2048K, 32 young (65536K), 3 survivors (6144K)
 Metaspace       used 59753K, committed 60416K, reserved 1114112K
  class space    used 8280K, committed 8576K, reserved 1048576K
}
Event: 4.273 GC heap after
{Heap after GC invocations=20 (full 0):
 garbage-first heap   total 110592K, used 29460K [0x0000000704e00000, 0x0000000800000000)
  region size 2048K, 3 young (6144K), 3 survivors (6144K)
 Metaspace       used 59753K, committed 60416K, reserved 1114112K
  class space    used 8280K, committed 8576K, reserved 1048576K
}
Event: 4.748 GC heap before
{Heap before GC invocations=20 (full 0):
 garbage-first heap   total 110592K, used 88852K [0x0000000704e00000, 0x0000000800000000)
  region size 2048K, 32 young (65536K), 3 survivors (6144K)
 Metaspace       used 64048K, committed 64704K, reserved 1114112K
  class space    used 8889K, committed 9216K, reserved 1048576K
}
Event: 4.753 GC heap after
{Heap after GC invocations=21 (full 0):
 garbage-first heap   total 110592K, used 32690K [0x0000000704e00000, 0x0000000800000000)
  region size 2048K, 4 young (8192K), 4 survivors (8192K)
 Metaspace       used 64048K, committed 64704K, reserved 1114112K
  class space    used 8889K, committed 9216K, reserved 1048576K
}
Event: 5.095 GC heap before
{Heap before GC invocations=21 (full 0):
 garbage-first heap   total 110592K, used 90034K [0x0000000704e00000, 0x0000000800000000)
  region size 2048K, 32 young (65536K), 4 survivors (8192K)
 Metaspace       used 68687K, committed 69568K, reserved 1114112K
  class space    used 9523K, committed 9920K, reserved 1048576K
}
Event: 5.101 GC heap after
{Heap after GC invocations=22 (full 0):
 garbage-first heap   total 110592K, used 34993K [0x0000000704e00000, 0x0000000800000000)
  region size 2048K, 3 young (6144K), 3 survivors (6144K)
 Metaspace       used 68687K, committed 69568K, reserved 1114112K
  class space    used 9523K, committed 9920K, reserved 1048576K
}
Event: 5.339 GC heap before
{Heap before GC invocations=22 (full 0):
 garbage-first heap   total 110592K, used 92337K [0x0000000704e00000, 0x0000000800000000)
  region size 2048K, 32 young (65536K), 3 survivors (6144K)
 Metaspace       used 74144K, committed 74944K, reserved 1114112K
  class space    used 9876K, committed 10240K, reserved 1048576K
}
Event: 5.343 GC heap after
{Heap after GC invocations=23 (full 0):
 garbage-first heap   total 110592K, used 36143K [0x0000000704e00000, 0x0000000800000000)
  region size 2048K, 2 young (4096K), 2 survivors (4096K)
 Metaspace       used 74144K, committed 74944K, reserved 1114112K
  class space    used 9876K, committed 10240K, reserved 1048576K
}
Event: 5.437 GC heap before
{Heap before GC invocations=23 (full 0):
 garbage-first heap   total 110592K, used 58671K [0x0000000704e00000, 0x0000000800000000)
  region size 2048K, 14 young (28672K), 2 survivors (4096K)
 Metaspace       used 76005K, committed 76800K, reserved 1179648K
  class space    used 10106K, committed 10432K, reserved 1048576K
}
Event: 5.440 GC heap after
{Heap after GC invocations=24 (full 0):
 garbage-first heap   total 133120K, used 36384K [0x0000000704e00000, 0x0000000800000000)
  region size 2048K, 2 young (4096K), 2 survivors (4096K)
 Metaspace       used 76005K, committed 76800K, reserved 1179648K
  class space    used 10106K, committed 10432K, reserved 1048576K
}
Event: 285.731 GC heap before
{Heap before GC invocations=25 (full 0):
 garbage-first heap   total 131072K, used 108064K [0x0000000704e00000, 0x0000000800000000)
  region size 2048K, 38 young (77824K), 2 survivors (4096K)
 Metaspace       used 79149K, committed 79936K, reserved 1179648K
  class space    used 10682K, committed 11008K, reserved 1048576K
}
Event: 285.740 GC heap after
{Heap after GC invocations=26 (full 0):
 garbage-first heap   total 131072K, used 37579K [0x0000000704e00000, 0x0000000800000000)
  region size 2048K, 3 young (6144K), 3 survivors (6144K)
 Metaspace       used 79149K, committed 79936K, reserved 1179648K
  class space    used 10682K, committed 11008K, reserved 1048576K
}

