# JRE version: OpenJDK Runtime Environment (21.0.2+13) (build 21.0.2+13-58)
# Java VM: OpenJDK 64-Bit Server VM (21.0.2+13-58, mixed mode, emulated-client, sharing, tiered, compressed oops, compressed class ptrs, g1 gc, windows-amd64)
GC Precious Log:
 CardTable entry size: 512
 Card Set container configuration: InlinePtr #cards 4 size 8 Array Of Cards #cards 16 size 48 Howl #buckets 8 coarsen threshold 3686 Howl Bitmap #cards 512 size 80 coarsen threshold 460 Card regions per heap region 1 cards per card region 4096
 CPUs: 8 total, 8 available
 Memory: 16064M
 Large Page Support: Disabled
 NUMA Support: Disabled
 Compressed Oops: Enabled (Zero based)
 Heap Region Size: 2M
 Heap Min Capacity: 8M
 Heap Initial Capacity: 252M
 Heap Max Capacity: 4018M
 Pre-touch: Disabled
 Parallel Workers: 8
 Concurrent Workers: 2
 Concurrent Refinement Workers: 8
 Periodic GC: Disabled
Heap:
 garbage-first heap   total 141312K, used 69548K [0x0000000704e00000, 0x0000000800000000)
  region size 2048K, 19 young (38912K), 2 survivors (4096K)
 Metaspace       used 79303K, committed 80064K, reserved 1179648K
  class space    used 10726K, committed 11072K, reserved 1048576K
GC Heap History (20 events):
Event: 4.171 GC heap before
{Heap before GC invocations=15 (full 0):
 garbage-first heap   total 96256K, used 57093K [0x0000000704e00000, 0x0000000800000000)
  region size 2048K, 19 young (38912K), 2 survivors (4096K)
 Metaspace       used 45950K, committed 46528K, reserved 1114112K
  class space    used 6242K, committed 6528K, reserved 1048576K
}
Event: 4.174 GC heap after
{Heap after GC invocations=16 (full 0):
 garbage-first heap   total 96256K, used 25736K [0x0000000704e00000, 0x0000000800000000)
  region size 2048K, 3 young (6144K), 3 survivors (6144K)
 Metaspace       used 45950K, committed 46528K, reserved 1114112K
  class space    used 6242K, committed 6528K, reserved 1048576K
}
Event: 4.435 GC heap before
{Heap before GC invocations=17 (full 0):
 garbage-first heap   total 96256K, used 74888K [0x0000000704e00000, 0x0000000800000000)
  region size 2048K, 28 young (57344K), 3 survivors (6144K)
 Metaspace       used 51486K, committed 52096K, reserved 1114112K
  class space    used 7063K, committed 7360K, reserved 1048576K
}
Event: 4.438 GC heap after
{Heap after GC invocations=18 (full 0):
 garbage-first heap   total 96256K, used 27347K [0x0000000704e00000, 0x0000000800000000)
  region size 2048K, 3 young (6144K), 3 survivors (6144K)
 Metaspace       used 51486K, committed 52096K, reserved 1114112K
  class space    used 7063K, committed 7360K, reserved 1048576K
}
Event: 4.713 GC heap before
{Heap before GC invocations=18 (full 0):
 garbage-first heap   total 96256K, used 76499K [0x0000000704e00000, 0x0000000800000000)
  region size 2048K, 28 young (57344K), 3 survivors (6144K)
 Metaspace       used 55533K, committed 56192K, reserved 1114112K
  class space    used 7754K, committed 8064K, reserved 1048576K
}
Event: 4.716 GC heap after
{Heap after GC invocations=19 (full 0):
 garbage-first heap   total 116736K, used 28028K [0x0000000704e00000, 0x0000000800000000)
  region size 2048K, 3 young (6144K), 3 survivors (6144K)
 Metaspace       used 55533K, committed 56192K, reserved 1114112K
  class space    used 7754K, committed 8064K, reserved 1048576K
}
Event: 5.110 GC heap before
{Heap before GC invocations=19 (full 0):
 garbage-first heap   total 116736K, used 91516K [0x0000000704e00000, 0x0000000800000000)
  region size 2048K, 34 young (69632K), 3 survivors (6144K)
 Metaspace       used 61221K, committed 61824K, reserved 1114112K
  class space    used 8496K, committed 8768K, reserved 1048576K
}
Event: 5.114 GC heap after
{Heap after GC invocations=20 (full 0):
 garbage-first heap   total 116736K, used 30496K [0x0000000704e00000, 0x0000000800000000)
  region size 2048K, 4 young (8192K), 4 survivors (8192K)
 Metaspace       used 61221K, committed 61824K, reserved 1114112K
  class space    used 8496K, committed 8768K, reserved 1048576K
}
Event: 5.543 GC heap before
{Heap before GC invocations=20 (full 0):
 garbage-first heap   total 116736K, used 91936K [0x0000000704e00000, 0x0000000800000000)
  region size 2048K, 34 young (69632K), 4 survivors (8192K)
 Metaspace       used 65278K, committed 66048K, reserved 1114112K
  class space    used 9136K, committed 9472K, reserved 1048576K
}
Event: 5.550 GC heap after
{Heap after GC invocations=21 (full 0):
 garbage-first heap   total 116736K, used 34485K [0x0000000704e00000, 0x0000000800000000)
  region size 2048K, 5 young (10240K), 5 survivors (10240K)
 Metaspace       used 65278K, committed 66048K, reserved 1114112K
  class space    used 9136K, committed 9472K, reserved 1048576K
}
Event: 5.827 GC heap before
{Heap before GC invocations=21 (full 0):
 garbage-first heap   total 116736K, used 93877K [0x0000000704e00000, 0x0000000800000000)
  region size 2048K, 34 young (69632K), 5 survivors (10240K)
 Metaspace       used 70491K, committed 71232K, reserved 1114112K
  class space    used 9643K, committed 9984K, reserved 1048576K
}
Event: 5.833 GC heap after
{Heap after GC invocations=22 (full 0):
 garbage-first heap   total 116736K, used 35614K [0x0000000704e00000, 0x0000000800000000)
  region size 2048K, 3 young (6144K), 3 survivors (6144K)
 Metaspace       used 70491K, committed 71232K, reserved 1114112K
  class space    used 9643K, committed 9984K, reserved 1048576K
}
Event: 6.097 GC heap before
{Heap before GC invocations=22 (full 0):
 garbage-first heap   total 116736K, used 99102K [0x0000000704e00000, 0x0000000800000000)
  region size 2048K, 34 young (69632K), 3 survivors (6144K)
 Metaspace       used 76322K, committed 77120K, reserved 1179648K
  class space    used 10226K, committed 10560K, reserved 1048576K
}
Event: 6.101 GC heap after
{Heap after GC invocations=23 (full 0):
 garbage-first heap   total 141312K, used 36636K [0x0000000704e00000, 0x0000000800000000)
  region size 2048K, 4 young (8192K), 4 survivors (8192K)
 Metaspace       used 76322K, committed 77120K, reserved 1179648K
  class space    used 10226K, committed 10560K, reserved 1048576K
}
Event: 41.088 GC heap before
{Heap before GC invocations=23 (full 0):
 garbage-first heap   total 141312K, used 53020K [0x0000000704e00000, 0x0000000800000000)
  region size 2048K, 13 young (26624K), 4 survivors (8192K)
 Metaspace       used 77590K, committed 78336K, reserved 1179648K
  class space    used 10468K, committed 10816K, reserved 1048576K
}
Event: 41.093 GC heap after
{Heap after GC invocations=24 (full 0):
 garbage-first heap   total 141312K, used 37095K [0x0000000704e00000, 0x0000000800000000)
  region size 2048K, 4 young (8192K), 4 survivors (8192K)
 Metaspace       used 77590K, committed 78336K, reserved 1179648K
  class space    used 10468K, committed 10816K, reserved 1048576K
}
Event: 453.261 GC heap before
{Heap before GC invocations=25 (full 0):
 garbage-first heap   total 141312K, used 110823K [0x0000000704e00000, 0x0000000800000000)
  region size 2048K, 41 young (83968K), 4 survivors (8192K)
 Metaspace       used 79260K, committed 80064K, reserved 1179648K
  class space    used 10721K, committed 11072K, reserved 1048576K
}
Event: 453.265 GC heap after
{Heap after GC invocations=26 (full 0):
 garbage-first heap   total 141312K, used 37331K [0x0000000704e00000, 0x0000000800000000)
  region size 2048K, 2 young (4096K), 2 survivors (4096K)
 Metaspace       used 79260K, committed 80064K, reserved 1179648K
  class space    used 10721K, committed 11072K, reserved 1048576K
}
Event: 1188.594 GC heap before
{Heap before GC invocations=26 (full 0):
 garbage-first heap   total 141312K, used 117203K [0x0000000704e00000, 0x0000000800000000)
  region size 2048K, 41 young (83968K), 2 survivors (4096K)
 Metaspace       used 79273K, committed 80064K, reserved 1179648K
  class space    used 10725K, committed 11072K, reserved 1048576K
}
Event: 1188.605 GC heap after
{Heap after GC invocations=27 (full 0):
 garbage-first heap   total 141312K, used 36780K [0x0000000704e00000, 0x0000000800000000)
  region size 2048K, 2 young (4096K), 2 survivors (4096K)
 Metaspace       used 79273K, committed 80064K, reserved 1179648K
  class space    used 10725K, committed 11072K, reserved 1048576K
}

